{"name": "Проверка перехода на страницу \"Дзен\" при нажатии на логотип \"Яндекс\"", "status": "broken", "statusDetails": {"message": "selenium.common.exceptions.TimeoutException: Message: \nStacktrace:\nRemoteError@chrome://remote/content/shared/RemoteError.sys.mjs:8:8\nWebDriverError@chrome://remote/content/shared/webdriver/Errors.sys.mjs:193:5\nNoSuchElementError@chrome://remote/content/shared/webdriver/Errors.sys.mjs:511:5\ndom.find/</<@chrome://remote/content/shared/DOM.sys.mjs:136:16", "trace": "self = <test_click_on_the_logo.TestLogoRedirect object at 0x0000027C792E0BC0>, driver = <selenium.webdriver.firefox.webdriver.WebDriver (session=\"979b8b4c-5e16-4a92-81a7-859ad82cf4c7\")>\n\n    @allure.title('Проверка перехода на страницу \"Дзен\" при нажатии на логотип \"Яндекс\"')\n    def test_opening_the_main_page_dzen(self, driver):\n        main_page = MainPage(driver)\n        main_page.wait_visibility_of_header_logo_yandex()\n        main_page.click_on_header_logo_yandex()\n        main_page.switch_to_next_tab()\n>       main_page.wait_visibility_of_main_header()\n\ntests\\test_click_on_the_logo.py:23: \n_ _ _ _ _ _ _ _ _ _ _ _ _ _ _ _ _ _ _ _ _ _ _ _ _ _ _ _ _ _ _ _ _ _ _ _ _ _ _ _ _ _ _ _ _ _ _ _ _ _ _ _ _ _ _ _ _ _ _ _ _ _ _ _ _ _ _ _ _ _ _ _ _ _ _ _ _ _ _ _ _ _ _ _ _ _ _ _ _ _ _ _ _ _ _ _ _ _ _ _ _ _ _ _ _ _ _ _ _ _ _ _ _ _ _ _\npage_objects\\main_page.py:35: in wait_visibility_of_main_header\n    self.wait_visibility_of_element(MainPageLocators.main_header)\npage_objects\\base_page.py:17: in wait_visibility_of_element\n    return WebDriverWait(self.driver, 6).until(expected_conditions.visibility_of_element_located(locator))\n_ _ _ _ _ _ _ _ _ _ _ _ _ _ _ _ _ _ _ _ _ _ _ _ _ _ _ _ _ _ _ _ _ _ _ _ _ _ _ _ _ _ _ _ _ _ _ _ _ _ _ _ _ _ _ _ _ _ _ _ _ _ _ _ _ _ _ _ _ _ _ _ _ _ _ _ _ _ _ _ _ _ _ _ _ _ _ _ _ _ _ _ _ _ _ _ _ _ _ _ _ _ _ _ _ _ _ _ _ _ _ _ _ _ _ _\n\nself = <selenium.webdriver.support.wait.WebDriverWait (session=\"979b8b4c-5e16-4a92-81a7-859ad82cf4c7\")>, method = <function visibility_of_element_located.<locals>._predicate at 0x0000027C79366CA0>, message = ''\n\n    def until(self, method: Callable[[D], Union[Literal[False], T]], message: str = \"\") -> T:\n        \"\"\"Calls the method provided with the driver as an argument until the \\\n        return value does not evaluate to ``False``.\n    \n        :param method: callable(WebDriver)\n        :param message: optional message for :exc:`TimeoutException`\n        :returns: the result of the last call to `method`\n        :raises: :exc:`selenium.common.exceptions.TimeoutException` if timeout occurs\n        \"\"\"\n        screen = None\n        stacktrace = None\n    \n        end_time = time.monotonic() + self._timeout\n        while True:\n            try:\n                value = method(self._driver)\n                if value:\n                    return value\n            except self._ignored_exceptions as exc:\n                screen = getattr(exc, \"screen\", None)\n                stacktrace = getattr(exc, \"stacktrace\", None)\n            time.sleep(self._poll)\n            if time.monotonic() > end_time:\n                break\n>       raise TimeoutException(message, screen, stacktrace)\nE       selenium.common.exceptions.TimeoutException: Message: \nE       Stacktrace:\nE       RemoteError@chrome://remote/content/shared/RemoteError.sys.mjs:8:8\nE       WebDriverError@chrome://remote/content/shared/webdriver/Errors.sys.mjs:193:5\nE       NoSuchElementError@chrome://remote/content/shared/webdriver/Errors.sys.mjs:511:5\nE       dom.find/</<@chrome://remote/content/shared/DOM.sys.mjs:136:16\n\nvenv\\Lib\\site-packages\\selenium\\webdriver\\support\\wait.py:105: TimeoutException"}, "steps": [{"name": "Подождать прогрузки части лого с надписью \"Яндекс\" в хэдере", "status": "passed", "steps": [{"name": "Подождать прогрузки элемента", "status": "passed", "parameters": [{"name": "locator", "value": "('xpath', '//a[@href=\"//yandex.ru\" and contains(@class, \"Header_LogoYandex\")]')"}], "start": 1726402648276, "stop": 1726402648295}], "start": 1726402648275, "stop": 1726402648295}, {"name": "Кликнуть по части лого с надписью \"Яндекс\" в хэдере", "status": "passed", "steps": [{"name": "Кликнуть на элемент", "status": "passed", "parameters": [{"name": "locator", "value": "('xpath', '//a[@href=\"//yandex.ru\" and contains(@class, \"Header_LogoYandex\")]')"}], "start": 1726402648295, "stop": 1726402648339}], "start": 1726402648295, "stop": 1726402648339}, {"name": "Перейти на другую вкладку", "status": "passed", "start": 1726402648339, "stop": 1726402648342}, {"name": "Подождать прогрузки отображения заголовка главной страницы", "status": "broken", "statusDetails": {"message": "selenium.common.exceptions.TimeoutException: Message: \nStacktrace:\nRemoteError@chrome://remote/content/shared/RemoteError.sys.mjs:8:8\nWebDriverError@chrome://remote/content/shared/webdriver/Errors.sys.mjs:193:5\nNoSuchElementError@chrome://remote/content/shared/webdriver/Errors.sys.mjs:511:5\ndom.find/</<@chrome://remote/content/shared/DOM.sys.mjs:136:16\n\n", "trace": "  File \"C:\\Users\\user\\PycharmProjects\\Sprint_6\\venv\\Lib\\site-packages\\allure_commons\\_allure.py\", line 192, in impl\n    return func(*a, **kw)\n           ^^^^^^^^^^^^^^\n  File \"C:\\Users\\user\\PycharmProjects\\Sprint_6\\page_objects\\main_page.py\", line 35, in wait_visibility_of_main_header\n    self.wait_visibility_of_element(MainPageLocators.main_header)\n  File \"C:\\Users\\user\\PycharmProjects\\Sprint_6\\venv\\Lib\\site-packages\\allure_commons\\_allure.py\", line 192, in impl\n    return func(*a, **kw)\n           ^^^^^^^^^^^^^^\n  File \"C:\\Users\\user\\PycharmProjects\\Sprint_6\\page_objects\\base_page.py\", line 17, in wait_visibility_of_element\n    return WebDriverWait(self.driver, 6).until(expected_conditions.visibility_of_element_located(locator))\n           ^^^^^^^^^^^^^^^^^^^^^^^^^^^^^^^^^^^^^^^^^^^^^^^^^^^^^^^^^^^^^^^^^^^^^^^^^^^^^^^^^^^^^^^^^^^^^^^\n  File \"C:\\Users\\user\\PycharmProjects\\Sprint_6\\venv\\Lib\\site-packages\\selenium\\webdriver\\support\\wait.py\", line 105, in until\n    raise TimeoutException(message, screen, stacktrace)\n"}, "steps": [{"name": "Подождать прогрузки элемента", "status": "broken", "statusDetails": {"message": "selenium.common.exceptions.TimeoutException: Message: \nStacktrace:\nRemoteError@chrome://remote/content/shared/RemoteError.sys.mjs:8:8\nWebDriverError@chrome://remote/content/shared/webdriver/Errors.sys.mjs:193:5\nNoSuchElementError@chrome://remote/content/shared/webdriver/Errors.sys.mjs:511:5\ndom.find/</<@chrome://remote/content/shared/DOM.sys.mjs:136:16\n\n", "trace": "  File \"C:\\Users\\user\\PycharmProjects\\Sprint_6\\venv\\Lib\\site-packages\\allure_commons\\_allure.py\", line 192, in impl\n    return func(*a, **kw)\n           ^^^^^^^^^^^^^^\n  File \"C:\\Users\\user\\PycharmProjects\\Sprint_6\\page_objects\\base_page.py\", line 17, in wait_visibility_of_element\n    return WebDriverWait(self.driver, 6).until(expected_conditions.visibility_of_element_located(locator))\n           ^^^^^^^^^^^^^^^^^^^^^^^^^^^^^^^^^^^^^^^^^^^^^^^^^^^^^^^^^^^^^^^^^^^^^^^^^^^^^^^^^^^^^^^^^^^^^^^\n  File \"C:\\Users\\user\\PycharmProjects\\Sprint_6\\venv\\Lib\\site-packages\\selenium\\webdriver\\support\\wait.py\", line 105, in until\n    raise TimeoutException(message, screen, stacktrace)\n"}, "parameters": [{"name": "locator", "value": "('xpath', '//div[contains(@class, \"Home_Header__iJKdX\")]')"}], "start": 1726402648342, "stop": 1726402654399}], "start": 1726402648342, "stop": 1726402654400}], "start": 1726402648275, "stop": 1726402654401, "uuid": "a57c11b1-c256-4caa-81a3-14893245d193", "historyId": "615de0b589dd305cf9346489cf2b46bc", "testCaseId": "615de0b589dd305cf9346489cf2b46bc", "fullName": "tests.test_click_on_the_logo.TestLogoRedirect#test_opening_the_main_page_dzen", "labels": [{"name": "parentSuite", "value": "tests"}, {"name": "suite", "value": "test_click_on_the_logo"}, {"name": "subSuite", "value": "TestLogoRedirect"}, {"name": "host", "value": "DESKTOP-AMN9CM3"}, {"name": "thread", "value": "18612-MainThread"}, {"name": "framework", "value": "pytest"}, {"name": "language", "value": "cpython3"}, {"name": "package", "value": "tests.test_click_on_the_logo"}]}